Vercel CLI 48.10.11
Retrieving project…
Deploying ruben-espinar-rodriguez-pro/tryonyou-master
Uploading [--------------------] (0.0B/1.6MB)
Uploading [=====---------------] (434.8KB/1.6MB)
Uploading [==========----------] (847.9KB/1.6MB)
Uploading [===============-----] (1.2MB/1.6MB)
Uploading [====================] (1.6MB/1.6MB)
Inspect: https://vercel.com/ruben-espinar-rodriguez-pro/tryonyou-master/MYpbwtgE92fzDSYBRE6M3sSPHirq [3s]
Production: https://tryonyou-master-et4jbeakp-ruben-espinar-rodriguez-pro.vercel.app [3s]
https://tryonyou-master-et4jbeakp-ruben-espinar-rodriguez-pro.vercel.appQueued...
Queued...
Building: Running build in Washington, D.C., USA (East) – iad1
Building: Build machine configuration: 4 cores, 8 GB
Building: Retrieving list of deployment files...
Building: Downloading 206 deployment files...
Building: Restored build cache from previous deployment (6oyQ5AN36MJPNm1PMJziwktXeU1U)
Building: Running "vercel build"
Building: Vercel CLI 48.12.0
Building: Running "install" command: `npm install`...
2025-11-28T05:39:34.842Z  Running build in Washington, D.C., USA (East) – iad1
2025-11-28T05:39:34.843Z  Build machine configuration: 4 cores, 8 GB
2025-11-28T05:39:34.943Z  Retrieving list of deployment files...
2025-11-28T05:39:35.788Z  Downloading 206 deployment files...
2025-11-28T05:39:36.662Z  Restored build cache from previous deployment (6oyQ5AN36MJPNm1PMJziwktXeU1U)
2025-11-28T05:39:37.032Z  Running "vercel build"
2025-11-28T05:39:37.439Z  Vercel CLI 48.12.0
2025-11-28T05:39:38.070Z  Running "install" command: `npm install`...
2025-11-28T05:39:41.364Z  npm error code ERESOLVE
2025-11-28T05:39:41.364Z  npm error ERESOLVE could not resolve
2025-11-28T05:39:41.364Z  npm error
2025-11-28T05:39:41.364Z  npm error While resolving: @builder.io/vite-plugin-jsx-loc@0.1.1
2025-11-28T05:39:41.364Z  npm error Found: vite@7.2.4
2025-11-28T05:39:41.365Z  npm error node_modules/vite
2025-11-28T05:39:41.365Z  npm error   dev vite@"^7.1.7" from the root project
2025-11-28T05:39:41.365Z  npm error   peer vite@"^5.2.0 || ^6 || ^7" from @tailwindcss/vite@4.1.17
2025-11-28T05:39:41.365Z  npm error   node_modules/@tailwindcss/vite
2025-11-28T05:39:41.365Z  npm error     dev @tailwindcss/vite@"^4.1.3" from the root project
2025-11-28T05:39:41.365Z  npm error   1 more (@vitejs/plugin-react)
2025-11-28T05:39:41.365Z  npm error
2025-11-28T05:39:41.365Z  npm error Could not resolve dependency:
2025-11-28T05:39:41.365Z  npm error peer vite@"^4.0.0 || ^5.0.0" from @builder.io/vite-plugin-jsx-loc@0.1.1
2025-11-28T05:39:41.365Z  npm error node_modules/@builder.io/vite-plugin-jsx-loc
2025-11-28T05:39:41.365Z  npm error   dev @builder.io/vite-plugin-jsx-loc@"^0.1.1" from the root project
2025-11-28T05:39:41.366Z  npm error
2025-11-28T05:39:41.366Z  npm error Conflicting peer dependency: vite@5.4.21
2025-11-28T05:39:41.366Z  npm error node_modules/vite
2025-11-28T05:39:41.366Z  npm error   peer vite@"^4.0.0 || ^5.0.0" from @builder.io/vite-plugin-jsx-loc@0.1.1
2025-11-28T05:39:41.366Z  npm error   node_modules/@builder.io/vite-plugin-jsx-loc
2025-11-28T05:39:41.366Z  npm error     dev @builder.io/vite-plugin-jsx-loc@"^0.1.1" from the root project
2025-11-28T05:39:41.366Z  npm error
2025-11-28T05:39:41.366Z  npm error Fix the upstream dependency conflict, or retry
2025-11-28T05:39:41.366Z  npm error this command with --force or --legacy-peer-deps
2025-11-28T05:39:41.366Z  npm error to accept an incorrect (and potentially broken) dependency resolution.
2025-11-28T05:39:41.366Z  npm error
2025-11-28T05:39:41.366Z  npm error
2025-11-28T05:39:41.366Z  npm error For a full report see:
2025-11-28T05:39:41.366Z  npm error /vercel/.npm/_logs/2025-11-28T05_39_38_330Z-eresolve-report.txt
2025-11-28T05:39:41.366Z  npm error A complete log of this run can be found in: /vercel/.npm/_logs/2025-11-28T05_39_38_330Z-debug-0.log
2025-11-28T05:39:41.407Z  Error: Command "npm install" exited with 1
